gc(42): gc(42): XO-XO-XO-E=98% N=787536 T+=0 A-=0 pfu=0+12 pfg=0+23
gc(42): gc(42): gc(42): gc(XO-XO-gc(42): XO-gc(42): XO-XO-XO-gc(43): E=98% N=787536 T+=0 A-=0 pfu=0+12

E=98% N=787536 T+=0 A-=0 pfu=0+13 pfg=0+23
E=98% N=787536 T+=0 A-=0 pfu=0+13 pfg=0+23
E=98% N=787536 T+=0 A-=0 pfu=0+13 pfg=0+23
E=98% N=787536 T+=0 A-=0 pfu=0+13 pfg=0+23
E=74% N=808208 T+=261472 A-=0 pfu=0+72 pfu=0+72
gc(44): gc(44): XO-XO-gc(43): gc(43): E=66% N=843472 T+=0 A-=0 pfu=0+15 pfg=0+1E=66% N=843472 T+=0 A-=0 pfu=0+15 pfg=0+1
E=80% N=808208 T+=261472 A-=0 pfu=0+71
E=75% N=808208 T+=261472 A-=0 pfu=0+71
 pfu=0+72
gc(44): gc(44): gc(44): XO-gc(44): gc(44): XO-XO-XO-XO-gc(45): gc(45): E=63% N=843472 T+=0 A-=0 pfu=0+15 pfg=0+1
E=63% N=843472 T+=0 A-=0 pfu=0+15 pfg=0+1
E=63% N=843472 T+=0 A-=0 pfu=0+15 pfg=0+1
E=63% N=843472 T+=0 A-=0 pfu=0+15 pfg=0+1
E=75% N=769872 T+=313104 A-=0 pfu=0+36
E=75% N=769872 T+=313104 A-=0 pfu=0+36
E=75% N=769872 T+=313104 A-=0 pfu=0+36
gc(45): gc(45): gc(45): gc(45): gc(45): gc(46): gc(46): E=82% N=769872 T+=313104 A-=0 pfu=0+36
E=82% N=769872 T+=313104 A-=0 pfu=0+36
pfu=0+36
E=82% N=769872 T+=313104 A-=0 pfu=0+36
E=76% N=791456 T+=188688 A-=0
E=76% N=791456 T+=188688 A-=0
gc(46): gc(46): gc(47): gc(47): E=76% N=791456 T+=188688 A-=0
E=74% N=791456 T+=188688 A-=0
E=76% N=791456 T+=188688 A-=0
E=81% N=1066656 T+=21152 A-=0
E=81% N=1066656 T+=21152 A-=0
gc(48): gc(48): XO-XO-XO-gc(47): gc(47): gc(47): E=71% N=904848 T+=262048 A-=0 pfg=0+48
E=71% N=904848 T+=262048 A-=0 pfg=0+48
E=75% N=1066656 T+=21152 A-=0
=82% N=1066656 T+=21152 A-=0
E=74% N=1066656 T+=21152 A-=0
E=76% N=1066656 T+=21152 A-=0
gc(48): gc(48): gc(48): XO-XO-XO-gc(49): XN-XN-E=50% N=833312 T+=214736 A-=0 pfu=0+6 pfg=0+39
E=73% N=904848 T+=262048 A-=0 pfg=0+48
E=71% N=904848 T+=262048 A-=0 pfg=0+48
E=71% N=904848 T+=262048 A-=0E=71% N=904848 T+=262048 A-=0 pfg=0+48
E=73% N=904848 T+=262048 A-=0 pfg=0+48
gc(49): gc(49): gc(49): gc(49): gc(49): XN-XN-XN-XN-XN-XN-XN-gc(50): gc(50): gc(50): E=53% N=833312 T+=214736 A-=0 pfu=0+6 pfg=0+39
E=56% N=833312 T+=214736 A-=0 pfu=0+6 pfg=0+39
E=56% N=833312 T+=214736 A-=0 pfu=0+6 pfg=0+39
E=50% N=833312 T+=214736 A-=0 pfu=0+6 pfg=0+39
E=50% N=833312 T+=214736 A-=0 pfu=0+6 pfg=0+39
E=52% N=833312 T+=214736 A-=0 pfu=0+6 pfg=0+39
E=85% N=1052592 T+=45680 A-=0 pfu=0+224
E=85% N=1052592 T+=45680 A-=0 pfu=0+224
E=85% N=1052592 T+=45680 A-=0 pfu=0+224
gc(51): gc(51): gc(51): XO-XO-XO-E=50% N=1057568 T+=508928 A-=0 pfg=0+26 pfg=0+26
E=55% N=1057568 T+=508928 A-=0 pfg=0+26
gc(52): gc(52): XN-gc(50): gc(50): gc(50): E=86% N=1052592 T+=45680 A-=0 pfu=0+224
E=84% N=1052592 T+=45680 A-=0 pfu=0+224 pfu=0+224
E=86% N=1052592 T+=45680 A-=0 pfu=0+224
XO-E=86% N=1052592 T+=45680 A-=0 pfu=0+224
gc(51): gc(51): gc(51): gc(51): XO-XO-XO-XO-gc(51): XO-gc(51): XO-E=52% N=1504720 T+=109424 A-=0E=58% N=15  pfg=0+24

E=55% N=1057568 T+=508928 A-=0 pfg=0+26
E=55% N=1057568 T+=508928 A-=0 pfg=0+26
E=55% N=1057568 T+=508928 A-=0 pfg=0+26
E=55% N=1057568 T+=508928 A-=0 pfg=0+26 pfg=0+26
E=55% N=1057568 T+=508928 A-=0 pfg=0+26
gc(53): gc(53): gc(53): XN-XN-XN-E=59% N=1057568 T+=508928 A-=0 pfg=0+26
gc(52): gc(52): gc(52): gc(52): gc(52): gc(52): XN-XN-XN-XN-gc(52): XN-XN-XO-XO-XO-XO-XO-E=0% N=1478160 T+=153440 A-=0 pfg=0+98
E=0% N=1478160 T+=153440 A-=0 pfg=0+98
gc(54): gc(54): gc(54): XO-XO-E=52% N=1504720 T+=109424 A-=0 pfg=0+245
E=57% N=1504720 T+=109424 A-=0 pfg=0+245
E=57% N=1504720 T+=109424 A-=0 pfg=0+245
E=52% N=1504720 T+=109424 A-=0 pfg=0+245
E=52% N=1504720 T+=109424 A-=0 pfg=0+245
E=55% N=1504720 T+=109424 A-=0 pfg=0+245
gc(53): XN-gc(53): XN-XN-gc(53): XN-gc(53): XN-gc(53): XN-gc(53): XN-XN-E=35% N=2220064 T+=246400 A-=0 pfu=0+221 pfg=0+282
XN-XN-XN-XN-XN-XN-E=0% N=1478160 T+=153440 A-=0 pfg=0+98
E=0% N=1478160 T+=153440 A-=0 pfg=0+98
E=0% N=1478160 T+=153440 A-=0 pfg=0+98
E=0% N=1478160 T+=153440 A-=0 pfg=0+98
E=0% N=1478160 T+=153440 A-=0 pfg=0+98
gc(54): E=0% N=1478160 T+=153440 A-=0 pfg=0+98
gc(54): gc(54): gc(54): E=0% N=1478160 T+=153440 A-=0 pfg=0+98
gc(54): gc(54): gc(54): XO-XO-XO-XO-XO-XO-XO-XN-XN-XN-XN-XN-XN-XN-E=33% N=2220064 T+=246400 A-=0 pfu=0+221 pfg=0+282
E=14% N=2220064 T+=246400 A-=0 pfu=0+221 pfg=0+282
E=31% N=2220064 T+=246400 A-=0 pfu=0+221 pfg=0+282
E=29% N=2220064 T+=246400 A-=0 pfu=0+221 pfg=0+282
E=31% N=2220064 T+=246400 A-=0 pfu=0+221 pfg=0+282
E=29% N=2220064 T+=246400 A-=0 pfu=0+221 pfg=0+282
E=33% N=2220064 T+=246400 A-=0 pfu=0+221 pfg=0+282
gc(55): gc(55): E=51% N=2406496 T+=0 A-=0 pfu=0+189
E=52% N=2406496 T+=0 A-=0 pfu=0+189
gc(55): gc(55): gc(55): gc(55): gc(55): gc(55): gc(55): E=48% N=2406496 T+=0 A-=0 pfu=0+189
E=60% N=2406496 T+=0 A-=0 pfu=0+189
gc(56): E=55% N=2406496 T+=0 A-=0 pfu=0+189
E=54% N=2406496 T+=0 A-=0 pfu=0+189
E=55% N=2406496 T+=0 A-=0 pfu=0+189
E=51% N=2406496 T+=0 A-=0 pfu=0+189
E=58% N=2406496 T+=0 A-=0 pfu=0+189
E=85% N=2749936 T+=0 A-=0 pfu=0+15
 pfu=0+15
gc(56): gc(56): gc(56): gc(56): gc(56): gc(56): gc(56): E=81% N=2749936 T+=0 A-=0 pfu=0+15
E=85% N=2749936 T+=0 A-=0 pfu=0+15
E=81% N=2749936 T+=0 A-=0 pfu=0+15
E=81% N=2749936 T+=0 A-=0 pfu=0+15
E=81% N=2749936 T+=0 A-=0 pfu=0+15
E=85% N=2749936 T+=0 A-=0 pfu=0+15
E=81% N=2749936 T+=0 A-=0 pfu=0+15
gc(57): gc(57): XN-E=85% N=3190048 T+=0 A-=0 pfu=0+5E=85% N=E pfu=0+5 pfu=0+5 pfg=0+1
gc(57): gc(57): gc(57): gc(57): gc(57): gc(57): gc(57): XN-XN-XN-XN-XN-XN-XN-E=85% N=3190048 T+=0 A-=0 pfu=0+5 pfg=0+1
E=82% N=3190048 T+=0 A-=0 pfu=0+5 pfg=0+1
E=86% N=3190048 T+=0 A-=0 pfu=0+5 pfg=0+1
E=86% N=3190048 T+=0 A-=0 pfu=0+5 pfg=0+1
E=85% N=3190048 T+=0 A-=0 pfu=0+5 pfg=0+1
E=82% N=3190048 T+=0 A-=0 pfu=0+5 pfg=0+1
E=86% N=3190048 T+=0 A-=0 pfu=0+5 pfg=0+1
gc(58): gc(58): gc(58): XO-XO-gc(58): gc(58): gc(58): gc(58): E=80% N=2916896 T+=988400 A-=0 pfu=0+156 pfg=0+60
E=80% N=2916896 T+=988400 A-=0 pfu=0+156 pfg=0+60gc(58): gc(58): E=77% N=2916896 T+=988400 A-=0 pfu=0+156 pfg=0+60
gc(58): XO-XO-XO-XO-XO-XO-XO-E=81% N=2916896 T+=988400 A-=0 pfu=0+156 pfg=0+60
E=78% N=2916896 T+=988400 A-=0 pfu=0+156 pfg=0+60
E=76% N=2916896 T+=988400 A-=0 pfu=0+156 pfg=0+60
E=78% N=2916896 T+=988400 A-=0 pfu=0+156 pfg=0+60
E=78% N=2916896 T+=988400 A-=0 pfu=0+156 pfg=0+60
E=79% N=2916896 T+=988400 A-=0 pfu=0+156 pfg=0+60
E=78% N=2916896 T+=988400 A-=0 pfu=0+156 pfg=0+60
gc(59): gc(59): gc(59): XN-XN-E=47% N=3105424 T+=393600 A-=0 pfu=0+3 pfg=0+132
gc(59): gc(59): gc(59): gc(59): gc(59): XN-XN-XN-gc(59): gc(59): XN-XN-E=46% N=3105424 T+=393600 A-=0 pfu=0+3 pfg=0+132
E=43% N=3105424 T+=393600 A-=0 pfu=0+3 pfg=0+132
E=46% N=3105424 T+=393600 A-=0 pfu=0+3 pfg=0+132
E=46% N=3105424 T+=393600 A-=0 pfu=0+3 pfg=0+132
gc(60): gc(60): E=89% N=3618320 T+=329408 A-=0 pfu=0+521
E=89% N=3618320 T+=329408 A-=0 pfu=0+521
gc(60): gc(60): gc(60): gc(60): gc(60): E=91% N=3618320 T+=329408 A-=0 pfu=0+521 pfu=0+521
E=88% N=3618320 T+=329408 A-=0 pfu=0+521
E=90% N=3618320 T+=329408 A-=0 pfu=0+521
E=89% N=3618320 T+=329408 A-=0 pfu=0+521
E=90% N=3618320 T+=329408 A-=0 pfu=0+521
gc(61): XO-XO-E=81% N=4185104 T+=148400 A-=0 pfu=0+5 pfg=0+9
E=81% N=4185104 T+=148400 A-=0 pfu=0+5 pfg=0+9
gc(61): gc(61): gc(61): gc(61): gc(61): XO-XO-XO-gc(61): XO-XO-gc(62): E=79% N=4185104 T+=148400 A-=0 pfu=0+5 pfg=0+9
 pfu=0+5 pfg=0+9
E=79% N=4185104 T+=148400 A-=0 pfu=0+5 pfg=0+9
E=79% N=4185104 T+=148400 A-=0 pfu=0+5 pfg=0+9
E=79% N=4185104 T+=148400 A-=0 pfu=0+5 pfg=0+9
E=66% N=2894848 T+=1570496 A-=0 pfu=0+260
E=65% N=2894848 T+=1570496 A-=0 pfu=0+260
E=67% N=2894848 T+=1570496 A-=0 pfu=0+260
gc(62): gc(62): gc(62): gc(62): E=65% N=2894848 T+=1570496 A-=0 pfu=0+260
E=66% N=2894848 T+=1570496 A-=0 pfu=0+260E=67% N=2894848 T+=1570496 A-=0 pfu=0+260
E=67% N=2894848 T+=1570496 A-=0 pfu=0+260
gc(63): XO-XO-E=83% N=3647392 T+=0 A-=0 pfu=0+3 pfg=0+115
gc(63): gc(63): XO-gc(63): gc(63): gc(63): gc(63): XO-XO-XO-E=83% N=3647392 T+=0 A-=0 pfu=0+3 pfg=0+115
E=81% N=3647392 T+=0 A-=0 pfu=0+3 pfg=0+115
E=81% N=3647392 T+=0 A-=0E=80% N= pfg=0+115
pfu=0+3 pfg=0+115
E=81% N=3647392 T+=0 A-=0E=81% N= pfg=0+115 pfu=0+3 pfg=0+115
E=81% N=3647392 T+=0 A-=0 pfu=0+3 pfg=0+115
gc(64): E=85% N=3571296 T+=784432 A-=0 pfu=0+93
gc(64): gc(64): gc(64): gc(64): gc(64): gc(64): E=80% N=3571296 T+=784432 A-=0 pfu=0+93
E=83% N=3571296 T+=784432 A-=0 pfu=0+93
E=84% N=3571296 T+=784432 A-=0 pfu=0+93
E=81% N=3571296 T+=784432 A-=0 pfu=0+93
E=83% N=3571296 T+=784432 A-=0 pfu=0+93
E=82% N=3571296 T+=784432 A-=0 pfu=0+93
gc(65): XO-XO-E=82% N=2614640 T+=1569120 A-=0 pfu=0+1 pfg=0+1
E=82% N=2614640 T+=1569120 A-=0 pfu=0+1E=82% N=
 pfu=0+1 pfg=0+1
gc(65): gc(65): gc(65): gc(65): XO-XO-XO-XO-XO-E=81% N=2614640 T+=1569120 A-=0 pfu=0+1 pfg=0+1
E=82% N=2614640 T+=1569120 A-=0E=82% N= pfg=0+1
pfu=0+1 pfg=0+1
E=82% N=2614640 T+=1569120 A-=0 pfu=0+1 pfg=0+1
E=82% N=2614640 T+=1569120 A-=0 pfu=0+1 pfg=0+1
gc(66): XOXN-E=69% N=4135792 T+=16 A-=0 pfu=0+5 pfg=0+153
gc(66): gc(66): XOXN-XOXN-XOXN-E=67% N=4135792 T+=16 A-=0 pfu=0+5E=68% N=41
 pfu=0+5 pfg=0+153
E=68% N=4135792 T+=16 A-=0 pfu=0+5 pfg=0+153
E=66% N=4135792 T+=16 A-=0 pfu=0+5 pfg=0+153
E=69% N=4135792 T+=16 A-=0 pfu=0+5 pfg=0+153
E=68% N=4135792 T+=16 A-=0 pfu=0+5 pfg=0+153
gc(67): gc(67): XO-XO-E=85% N=3894368 T+=1236608 A-=0 pfu=0+416 pfg=0+3
gc(67): gc(67): gc(67): gc(67): gc(67): gc(67): gc(67): XO-XO-XO-XO-XO-E=87% N=3894368 T+=1236608 A-=0 pfu=0+416 pfg=0+3
E=88% N=3894368 T+=1236608 A-=0E=87% N=38 pfg=0+3 pfu=0+416 pfg=0+3
E=87% N=3894368 T+=1236608 A-=0 pfu=0+416 pfg=0+3
E=87% N=3894368 T+=1236608 A-=0 pfu=0+416E=87% N=E pfu=0+416 pfu=0+4
6 pfg=0+3
gc(68): gc(68): XN-XN-E=61% N=4830832 T+=594368 A-=0 pfu=0+2 pfg=0+1
E=62% N=4830832 T+=594368 A-=0 pfu=0+2 pfg=0+1
gc(68): XN-gc(68): gc(68): gc(68): gc(68): gc(68): XN-XN-gc(68): XN-XN-XN-XN-E=60% N=4830832 T+=594368 A-=0 pfu=0+2 pfg=0+1
E=58% N=4830832 T+=594368 A-=0 pfu=0+2 pfg=0+1
E=58% N=4830832 T+=594368 A-=0 pfu=0+2 pfg=0+1
E=59% N=4830832 T+=594368 A-=0 pfu=0+2 pfg=0+1
E=58% N=4830832 T+=594368 A-=0 pfu=0+2 pfg=0+1
E=59% N=4830832 T+=594368 A-=0 pfu=0+2 pfg=0+1
gc(69): gc(69): gc(69): E=89% N=5586976 T+=16 A-=0 pfu=0+552
E=89% N=5586976 T+=16 A-=0 pfu=0+552
E=89% N=5586976 T+=16 A-=0 pfu=0+552
gc(69): gc(69): gc(69): gc(69): gc(69): gc(69): gc(69): E=87% N=5586976 T+=16 A-=0 pfu=0+552
E=88% N=5586976 T+=16 A-=0 pfu=0+552
E=88% N=5586976 T+=16 A-=0 pfu=0+552
E=88% N=5586976 T+=16 A-=0 pfu=0+552
E=86% N=5586976 T+=16 A-=0 pfu=0+552
E=87% N=5586976 T+=16 A-=0 pfu=0+552
E=87% N=5586976 T+=16 A-=0 pfu=0+552
gc(70): gc(70): XO-XO-XO-E=83% N=4848192 T+=1308528 A-=0 pfu=0+1E=83% N=48
 pfu=0+1 pfg=0+141
gc(70): gc(70): XO-XO-gc(70): gc(70): gc(70): XO-gc(70): gc(70): XO-XO-XO-XO-E=80% N=4848192 T+=1308528 A-=0 pfu=0+1 pfg=0+141
E=80% N=4848192 T+=1308528 A-=0 pfu=0+1 pfg=0+141
E=82% N=4848192 T+=1308528 A-=0 pfu=0+1 pfg=0+141
E=80% N=4848192 T+=1308528 A-=0 pfu=0+1 pfg=0+141
E=80% N=4848192 T+=1308528 A-=0 pfu=0+1 pfg=0+141
E=82% N=4848192 T+=1308528 A-=0 pfu=0+1 pfg=0+141
gc(71): XOXN-gc(71): XOXN-E=75% N=5729568 T+=0 A-=0 pfg=0+284
E=75% N=5729568 T+=0 A-=0 pfg=0+284
gc(71): gc(71): XOXN-XOXN-gc(71): gc(71): XOXN-gc(71): XOXN-gc(71): gc(71): XOXN-XOXN-XOXN-E=72% N=5729568 T+=0 A-=0 pfg=0+284
E=70% N=5729568 T+=0 A-=0 pfg=0+284
E=73% N=5729568 T+=0 A-=0 pfg=0+284
E=71% N=5729568 T+=0 A-=0 pfg=0+284
E=73% N=5729568 T+=0 A-=0 pfg=0+284
E=70% N=5729568 T+=0 A-=0 pfg=0+284E=71% N=5729568 T+=0 A-=0 pfg=0+284
gc(72): gc(72): E=84% N=5422512 T+=1569696 A-=0 pfu=0+2
E=83% N=5422512 T+=1569696 A-=0 pfu=0+2
gc(72): gc(72): gc(72): gc(72): gc(72): gc(72): gc(72): E=84% N=5422512 T+=1569696 A-=0 pfu=0+2
E=86% N=5422512 T+=1569696 A-=0 pfu=0+2
E=85% N=5422512 T+=1569696 A-=0 pfu=0+2
E=84% N=5422512 T+=1569696 A-=0 pfu=0+2
E=86% N=5422512 T+=1569696 A-=0 pfu=0+2
E=87% N=5422512 T+=1569696 A-=0 pfu=0+2
E=85% N=5422512 T+=1569696 A-=0 pfu=0+2
gc(73): gc(73): gc(73): XO-XO-XO-gc(73): E=82% N=5107360 T+=2582000 A-=0 pfu=0+2 pfg=0+294
E=81% N=5107360 T+=2582000 A-=0 pfu=0+2 pfg=0+294
E=82% N=5107360 T+=2582000 A-=0 pfu=0+2 pfg=0+294
XO-XO-gc(73): gc(73): gc(73): XO-gc(73): XO-gc(73): XO-XO-XO-E=80% N=5107360 T+=2582000 A-=0 pfu=0+2 pfg=0+294
E=80% N=5107360 T+=2582000 A-=0 pfu=0+2 pfg=0+294
E=80% N=5107360 T+=2582000 A-=0 pfu=0+2 pfg=0+294
E=80% N=5107360 T+=2582000 A-=0 pfu=0+2 pfg=0+294
E=80% N=5107360 T+=2582000 A-=0 pfu=0+2 pfg=0+294
E=81% N=5107360 T+=2582000 A-=0 pfu=0+2 pfg=0+294
E=80% N=5107360 T+=2582000 A-=0 pfu=0+2 pfg=0+294
gc(74): gc(74): XN-XN-E=50% N=7130720 T+=296016 A-=0 pfu=0+3 pfg=0+462
E=50% N=7130720 T+=296016 A-=0 pfu=0+3 pfg=0+462
gc(74): gc(74): XN-XN-gc(74): gc(74): XN-gc(74): XN-XN-gc(74): XN-E=48% N=7130720 T+=296016 A-=0 pfu=0+3 pfg=0+462
E=47% N=7130720 T+=296016 A-=0 pfu=0+3 pfg=0+462
E=45% N=7130720 T+=296016 A-=0 pfu=0+3 pfg=0+462
E=45% N=7130720 T+=296016 A-=0 pfu=0+3 pfg=0+462
E=47% N=7130720 T+=296016 A-=0 pfu=0+3 pfg=0+462
E=49% N=7130720 T+=296016 A-=0 pfu=0+3 pfg=0+462
E=51% N=7130720 T+=296016 A-=0 pfu=0+3 pfg=0+462
gc(75): gc(75): gc(75): E=76% N=8099568 T+=0 A-=0 pfu=0+143
E=77% N=8099568 T+=0 A-=0 pfu=0+143
E=74% N=8099568 T+=0 A-=0 pfu=0+143
gc(75): gc(75): gc(75): gc(75): gc(75): gc(75): gc(76): gc(75): gc(76): XO-XO-gc(76): XO-E=75% N=8099568 T+=0 A-=0 pfu=0+143
E=75% N=8099568 T+=0 A-=0 pfu=0+143
E=76% N=8099568 T+=0 A-=0 pfu=0+143
E=74% N=8099568 T+=0 A-=0 pfu=0+143
E=73% N=8099568 T+=0 A-=0 pfu=0+143
E=73% N=8099568 T+=0 A-=0 pfu=0+143
E=60% N=8661264 T+=0 A-=0 pfg=0+319
E=61% N=8661264 T+=0 A-=0 pfg=0+319
E=62% N=8661264 T+=0 A-=0 pfg=0+319
gc(76): gc(76): gc(76): XO-XO-gc(76): XO-gc(76): XO-gc(76): XO-XO-gc(76): XO-E=56% N=8661264 T+=0 A-=0 pfg=0+319
pfg=0+319
E=57% N=8661264 T+=0 A-=0 pfg=0+319
E=58% N=8661264 T+=0 A-=0 pfg=0+319
E=57% N=8661264 T+=0 A-=0 pfg=0+319
E=58% N=8661264 T+=0 A-=0 pfg=0+319
E=57% N=8661264 T+=0 A-=0 pfg=0+319
gc(77): gc(77): gc(77): E=77% N=7720512 T+=1831104 A-=0 pfu=0+129
E=76% N=7720512 T+=1831104 A-=0 pfu=0+129
E=78% N=7720512 T+=1831104 A-=0 pfu=0+129
gc(77): gc(77): gc(77): gc(77): gc(77): E=76% N=7720512 T+=1831104 A-=0 pfu=0+129
E=74% N=7720512 T+=1831104 A-=0 pfu=0+129
E=76% N=7720512 T+=1831104 A-=0 pfu=0+129
E=76% N=7720512 T+=1831104 A-=0 pfu=0+129
E=73% N=7720512 T+=1831104 A-=0 pfu=0+129
E=77% N=7720512 T+=1831104 A-=0 pfu=0+129
E=76% N=7720512 T+=1831104 A-=0 pfu=0+129
gc(78): gc(78): XO-XO-gc(78): XO-E=86% N=4730416 T+=4187536 A-=0 pfg=0+108
E=86% N=4730416 T+=4187536 A-=0 pfg=0+108
gc(78): E=86% N=4730416 T+=4187536 A-=0 pfg=0+108
gc(78): gc(78): XO-XO-gc(78): XO-gc(78): gc(78): XO-gc(78): XO-XO-XO-E=84% N=4730416 T+=4187536 A-=0 pfg=0+108
E=85% N=4730416 T+=4187536 A-=0 pfg=0+108 pfg=0+108
E=85% N=4730416 T+=4187536 A-=0 pfg=0+108
E=85% N=4730416 T+=4187536 A-=0 pfg=0+108
E=85% N=4730416 T+=4187536 A-=0 pfg=0+108
E=84% N=4730416 T+=4187536 A-=0 pfg=0+108
gc(79): XOXN-gc(79): gc(79): XOXN-XOXN-E=66% N=6232944 T+=256608 A-=1040 pfu=0+1 pfg=0+295
E=66% N=6232944 T+=256608 A-=1040 pfu=0+1 pfg=0+295
E=65% N=6232944 T+=256608 A-=1040 pfu=0+1 pfg=0+295
gc(79): gc(79): XOXN-XOXN-gc(79): XOXN-gc(79): gc(79): gc(79): XOXN-XOXN-XOXN-gc(79): XOXN-E=63% N=6232944 T+=256608 A-=1040 pfu=0+1 pfg=0+295
E=62% N=6232944 T+=256608 A-=1040 pfu=0+1 pfg=0+295
E=62% N=6232944 T+=256608 A-=1040 pfu=0+1 pfg=0+295
E=64% N=6232944 T+=256608 A-=1040 pfu=0+1 pfg=0+295
E=64% N=6232944 T+=256608 A-=1040 pfu=0+1 pfg=0+295
E=62% N=6232944 T+=256608 A-=1040 pfu=0+1 pfg=0+295
E=63% N=6232944 T+=256608 A-=1040 pfu=0+1 pfg=0+295
gc(80): gc(80): E=92% N=7552176 T+=1828416 A-=0 pfu=0+822 pfg=0+1
E=91% N=7552176 T+=1828416 A-=0 pfu=0+822 pfg=0+1
E=91% N=7552176 T+=1828416 A-=0 pfu=0+822 pfg=0+1
gc(80): gc(80): gc(80): gc(80): gc(80): gc(80): gc(80): E=91% N=7552176 T+=1828416 A-=0 pfu=0+822 pfg=0+1
E=91% N=7552176 T+=1828416 A-=0 pfu=0+822 pfg=0+1
E=90% N=7552176 T+=1828416 A-=0 pfu=0+822 pfg=0+1
E=91% N=7552176 T+=1828416 A-=0 pfu=0+822 pfg=0+1
E=90% N=7552176 T+=1828416 A-=0 pfu=0+822 pfg=0+1
E=90% N=7552176 T+=1828416 A-=0 pfu=0+822 pfg=0+1
E=91% N=7552176 T+=1828416 A-=0 pfu=0+822 pfg=0+1
gc(81): gc(81): XO-gc(81): gc(81): gc(81): XO-XOXN-XOXN-XOXN-XO-XO-gc(81): gc(81): XO-XO-gc(81): XO-E=82% N=10182288 T+=786880 A-=0 pfg=0+491
E=82% N=10182288 T+=786880 A-=0 pfg=0+491E=81% N=10182288 T+=786880 A-=0 pfg=0+491
XOXN-XOXN-XOXN-XOXN-XOXN-XOXN-E=81% N=10182288 T+=786880 A-=0 pfg=0+491
E=81% N=10182288 T+=786880 A-=0 pfg=0+491
E=80% N=10182288 T+=786880 A-=0 pfg=0+491
E=81% N=10182288 T+=786880 A-=0 pfg=0+491
E=80% N=10182288 T+=786880 A-=0 pfg=0+491
E=81% N=10182288 T+=786880 A-=0 pfg=0+491
gc(82): gc(82): E=49% N=12306160 T+=1046240 A-=0 pfu=0+283
E=50% N=12306160 T+=1046240 A-=0 pfu=0+283
gc(82): gc(82): gc(82): gc(82): gc(82): gc(82): E=51% N=12306160 T+=1046240 A-=0 pfu=0+283
E=50% N=12306160 T+=1046240 A-=0 pfu=0+283
E=51% N=12306160 T+=1046240 A-=0 pfu=0+283
E=48% N=12306160 T+=1046240 A-=0 pfu=0+283
E=51% N=12306160 T+=1046240 A-=0 pfu=0+283
E=53% N=12306160 T+=1046240 A-=0 pfu=0+283
E=49% N=12306160 T+=1046240 A-=0 pfu=0+283
gc(83): gc(83): gc(83): XO-XO-XO-gc(83): gc(83): gc(83): E=83% N=12431632 T+=1308608 A-=0 pfg=0+322
E=83% N=12431632 T+=1308608 A-=0 pfg=0+322
E=83% N=12431632 T+=1308608 A-=0 pfg=0+322
gc(83): XO-XO-XO-gc(83): XO-gc(83): XO-gc(83): XO-XO-E=82% N=12431632 T+=1308608 A-=0 pfg=0+322
E=83% N=12431632 T+=1308608 A-=0 pfg=0+322
E=82% N=12431632 T+=1308608 A-=0 pfg=0+322
E=83% N=12431632 T+=1308608 A-=0 pfg=0+322
E=82% N=12431632 T+=1308608 A-=0 pfg=0+322
E=82% N=12431632 T+=1308608 A-=0 pfg=0+322
E=83% N=12431632 T+=1308608 A-=0 pfg=0+322
gc(84): gc(84): XOXN-XOXN-E=51% N=14453344 T+=0 A-=0 pfu=0+2 pfg=0+265
E=52% N=14453344 T+=0 A-=0 pfu=0+2 pfg=0+265
E=51% N=14453344 T+=0 A-=0 pfu=0+2 pfg=0+265
gc(84): gc(84): gc(84): XOXN-XOXN-gc(84): gc(84): XOXN-XOXN-XOXN-E=52% N=14453344 T+=0 A-=0 pfu=0+2 pfg=0+265
E=50% N=14453344 T+=0 A-=0 pfu=0+2 pfg=0+265
E=50% N=14453344 T+=0 A-=0 pfu=0+2 pfg=0+265
E=50% N=14453344 T+=0 A-=0 pfu=0+2 pfg=0+265
E=50% N=14453344 T+=0 A-=0 pfu=0+2 pfg=0+265
E=49% N=14453344 T+=0 A-=0 pfu=0+2 pfg=0+265
E=50% N=14453344 T+=0 A-=0 pfu=0+2 pfg=0+265
gc(85): gc(85): E=84% N=14988352 T+=2088592 A-=0 pfu=0+216
E=85% N=14988352 T+=2088592 A-=0 pfu=0+216
E=85% N=14988352 T+=2088592 A-=0 pfu=0+216
gc(85): gc(85): gc(85): gc(85): gc(85): gc(85): gc(85): E=84% N=14988352 T+=2088592 A-=0 pfu=0+216
E=83% N=14988352 T+=2088592 A-=0 pfu=0+216
E=83% N=14988352 T+=2088592 A-=0E=82% N=14
E=82% N=14
 pfu=0+216
E=81% N=14988352 T+=2088592 A-=0 pfu=0+216
E=82% N=14988352 T+=2088592 A-=0 pfu=0+216
gc(86): gc(86): XO-XO-gc(86): gc(86): gc(86): gc(86): gc(86): XO-XO-XO-XO-E=82% N=8536352 T+=8797920 A-=0 pfu=0+2 pfg=0+644
E=81% N=8536352 T+=8797920 A-=0 pfu=0+2 pfg=0+644
E=81% N=8536352 T+=8797920 A-=0 pfu=0+2 pfg=0+644
E=80% N=8536352 T+=8797920 A-=0 pfu=0+2 pfg=0+644
E=80% N=8536352 T+=8797920 A-=0 pfu=0+2 pfg=0+644
E=81% N=8536352 T+=8797920 A-=0 pfu=0+2 pfg=0+644
E=80% N=8536352 T+=8797920 A-=0 pfu=0+2 pfg=0+644
E=80% N=8536352 T+=8797920 A-=0 pfu=0+2 pfg=0+644
E=80% N=8536352 T+=8797920 A-=0 pfu=0+2 pfg=0+644
gc(87): gc(87): XN-XN-E=73% N=14689088 T+=97520 A-=0 pfu=0+1 pfg=0+354
E=74% N=14689088 T+=97520 A-=0 pfu=0+1 pfg=0+354
gc(87): gc(87): XN-E=71% N=14689088 T+=97520 A-=0 pfu=0+1 pfg=0+354 pfu=0+1 pfg=0+354
E=71% N=14689088 T+=97520 A-=0 pfu=0+1 pfg=0+354
E=71% N=14689088 T+=97520 A-=0 pfu=0+1 pfg=0+354
E=72% N=14689088 T+=97520 A-=0 pfu=0+1 pfg=0+354
E=71% N=14689088 T+=97520 A-=0 pfu=0+1 pfg=0+354
gc(88): gc(88): gc(88): E=88% N=19814320 T+=0 A-=0 pfu=0+482
E=87% N=19814320 T+=0 A-=0 pfu=0+482
E=87% N=19814320 T+=0 A-=0 pfu=0+482
gc(88): gc(88): gc(88): gc(88): gc(88): E=86% N=19814320 T+=0 A-=0 pfu=0+482
E=86% N=19814320 T+=0 A-=0 pfu=0+482
E=86% N=19814320 T+=0 A-=0 pfu=0+482
E=85% N=19814320 T+=0 A-=0 pfu=0+482
E=86% N=19814320 T+=0 A-=0 pfu=0+482
E=85% N=19814320 T+=0 A-=0 pfu=0+482
gc(89): gc(89): XO-XO-E=80% N=17136512 T+=5233792 A-=0 pfu=0+1 pfg=0+233
E=81% N=17136512 T+=5233792 A-=0 pfu=0+1 pfg=0+233
E=80% N=17136512 T+=5233792 A-=0 pfu=0+1 pfg=0+233
gc(89): gc(89): gc(89): XO-XO-XO-
AllegroGraph Server Edition 6.0.1, built on March 04, 2016 10:00:05 GMT-0800
Copyright (c) 2005-2016 Franz Inc.  All Rights Reserved.
Copyright (c) 2005-2016 Franz Inc.  All Rights Reserved.
AllegroGraph contains patented and patent-pending technologies.
AllegroGraph contains patented and patent-pending technologies.

current-time    : Sunday, April 24, 2016 02:35:42 AM 

current-time    : Sunday, April 24, 2016 02:35:42 AM 
external-format : utf8-base
external-format : utf8-base
external-format : utf8-base
E=79% N=17136512 T+=5233792 A-=0 pfu=0+1 pfg=0+233
E=79% N=17136512 T+=5233792 A-=0 pfu=0+1 pfg=0+233
E=79% N=17136512 T+=5233792 A-=0 pfu=0+1 pfg=0+233
E=79% N=17136512 T+=5233792 A-=0 pfu=0+1 pfg=0+233
E=79% N=17136512 T+=5233792 A-=0 pfu=0+1 pfg=0+233
E=79% N=17136512 T+=5233792 A-=0 pfu=0+1 pfg=0+233
E=79% N=17136512 T+=5233792 A-=0 pfu=0+1 pfg=0+233

AllegroGraph Server Edition 6.0.1, built on March 04, 2016 10:00:05 GMT-0800
Copyright (c) 2005-2016 Franz Inc.  All Rights Reserved.
Copyright (c) 2005-2016 Franz Inc.  All Rights Reserved.
AllegroGraph contains patented and patent-pending technologies.
AllegroGraph contains patented and patent-pending technologies.

AllegroGraph Server Edition 6.0.1, built on March 04, 2016 10:00:05 GMT-0800
Copyright (c) 2005-2016 Franz Inc.  All Rights Reserved.
AllegroGraph contains patented and patent-pending technologies.
Copyright (c) 2005-2016 Franz Inc.  All Rights Reserved.
AllegroGraph contains patented and patent-pending technologies.

current-time    : Sunday, April 24, 2016 02:35:42 AM 

current-time    : Sunday, April 24, 2016 02:35:42 AM 
external-format : utf8-base
external-format : utf8-base

current-time    : Sunday, April 24, 2016 02:35:42 AM 
external-format : utf8-base

current-time    : Sunday, April 24, 2016 02:35:42 AM 
external-format : utf8-base
Copyright (c) 2005-2016 Franz Inc.  All Rights Reserved.
AllegroGraph contains patented and patent-pending technologies.

current-time    : Sunday, April 24, 2016 02:35:42 AM 
external-format : utf8-base
gc(90): gc(90): XOXN-XOXN-E=69% N=20546704 T+=16 A-=0 pfu=0+10 pfg=0+294
E=69% N=20546704 T+=16 A-=0 pfu=0+10 pfg=0+294
E=69% N=20546704 T+=16 A-=0 pfu=0+10 pfg=0+294
Loaded patch file /data/data12/zhengxin_pro/Heater/BIN/acl10/update/pkn001.001.
Loaded patch file /data/data12/zhengxin_pro/Heater/BIN/acl10/update/pkn001.001.
gc(90): gc(90): gc(90): gc(90): gc(90): gc(90): XOXN-XOXN-XOXN-XOXN-XOXN-E=66% N=20546704 T+=16 A-=0 pfu=0+10 pfg=0+294
E=65% N=20546704 T+=16 A-=0 pfu=0+10 pfg=0+294
E=66% N=20546704 T+=16 A-=0 pfu=0+10 pfg=0+294
E=67% N=20546704 T+=16 A-=0 pfu=0+10 pfg=0+294
E=66% N=20546704 T+=16 A-=0 pfu=0+10 pfg=0+294
E=66% N=20546704 T+=16 A-=0 pfu=0+10 pfg=0+294
E=65% N=20546704 T+=16 A-=0 pfu=0+10 pfg=0+294
Loaded patch file /data/data12/zhengxin_pro/Heater/BIN/acl10/update/pkn001.001.
Loaded patch file /data/data12/zhengxin_pro/Heater/BIN/acl10/update/pkn001.001.
Loaded patch file /data/data12/zhengxin_pro/Heater/BIN/acl10/update/pkn001.001.
Loaded patch file /data/data12/zhengxin_pro/Heater/BIN/acl10/update/pkn001.001.
Loaded patch file /data/data12/zhengxin_pro/Heater/BIN/acl10/update/pkn001.001.
Loaded patch file /data/data12/zhengxin_pro/Heater/BIN/acl10/update/pkn001.001.
;;[2]Initial  jlinker-init-1: Done: :jlinker-init  109
JLinker and weka.jar has been initialized successfully.
Compiling: alexandria ... /data/data12/zhengxin_pro/yuqiulin496/data_heater_gty/software/alexandria-20150505-git/package.fasl loaded.
;;[2]Initial  jlinker-init-1: Done: :jlinker-init  118
JLinker and weka.jar has been initialized successfully.
;;[2]Initial  jlinker-init-1: Done: :jlinker-init  118
JLinker and weka.jar has been initialized successfully.
Compiling: alexandria ... /data/data12/zhengxin_pro/yuqiulin496/data_heater_gty/software/alexandria-20150505-git/strings.fasl loaded.
Compiling: alexandria ... /data/data12/zhengxin_pro/yuqiulin496/data_heater_gty/software/alexandria-20150505-git/package.fasl loaded.
Compiling: alexandria ... /data/data12/zhengxin_pro/yuqiulin496/data_heater_gty/software/alexandria-20150505-git/package.fasl loaded.
Compiling: alexandria ... /data/data12/zhengxin_pro/yuqiulin496/data_heater_gty/software/alexandria-20150505-git/strings.fasl loaded.
Compiling: alexandria ... /data/data12/zhengxin_pro/yuqiulin496/data_heater_gty/software/alexandria-20150505-git/strings.fasl loaded.
Compiling: alexandria ... /data/data12/zhengxin_pro/yuqiulin496/data_heater_gty/software/alexandria-20150505-git/symbols.fasl loaded.
Compiling: alexandria ... /data/data12/zhengxin_pro/yuqiulin496/data_heater_gty/software/alexandria-20150505-git/symbols.fasl loaded.
Compiling: alexandria ... /data/data12/zhengxin_pro/yuqiulin496/data_heater_gty/software/alexandria-20150505-git/symbols.fasl loaded.
Compiling: alexandria ... /data/data12/zhengxin_pro/yuqiulin496/data_heater_gty/software/alexandria-20150505-git/macros.fasl loaded.
Compiling: alexandria ... /data/data12/zhengxin_pro/yuqiulin496/data_heater_gty/software/alexandria-20150505-git/macros.fasl loaded.
Compiling: alexandria ... /data/data12/zhengxin_pro/yuqiulin496/data_heater_gty/software/alexandria-20150505-git/macros.fasl loaded.
;;[2]Initial  jlinker-init-1: Done: :jlinker-init  112
JLinker and weka.jar has been initialized successfully.
;;[2]Initial  jlinker-init-1: Done: :jlinker-init  113
JLinker and weka.jar has been initialized successfully.
JLinker and weka.jar has been initialized successfully.
;;[2]Initial  jlinker-init-1: Done: :jlinker-init  113
JLinker and weka.jar has been initialized successfully.
gc(91): ;;[2]Initial  jlinker-init-1: Done: :jlinker-init  114
JLinker and weka.jar has been initialized successfully.
;;[2]Initial  jlinker-init-1: Done: :jlinker-init  114
JLinker and weka.jar has been initialized successfully.
;;[2]Initial  jlinker-init-1: Done: :jlinker-init  114
JLinker and weka.jar has been initialized successfully.
gc(91): Error: symbol's name `#:non-positive-real' is not a simple-string!
gc(91): Compiling: alexandria ... /data/data12/zhengxin_pro/yuqiulin496/data_heater_gty/software/alexandria-20150505-git/package.fasl loaded.
Compiling: alexandria ... /data/data12/zhengxin_pro/yuqiulin496/data_heater_gty/software/alexandria-20150505-git/package.fasl loaded.
Compiling: alexandria ... /data/data12/zhengxin_pro/yuqiulin496/data_heater_gty/software/alexandria-20150505-git/package.fasl loaded.
Compiling: alexandria ... /data/data12/zhengxin_pro/yuqiulin496/data_heater_gty/software/alexandria-20150505-git/package.fasl loaded.
Compiling: alexandria ... /data/data12/zhengxin_pro/yuqiulin496/data_heater_gty/software/alexandria-20150505-git/package.fasl loaded.
Compiling: alexandria ... /data/data12/zhengxin_pro/yuqiulin496/data_heater_gty/software/alexandria-20150505-git/package.fasl loaded.
Compiling: alexandria ... /data/data12/zhengxin_pro/yuqiulin496/data_heater_gty/software/alexandria-20150505-git/strings.fasl loaded.
Error: Attempt to take the car of pathname which is not listp.
Compiling: alexandria ... /data/data12/zhengxin_pro/yuqiulin496/data_heater_gty/software/alexandria-20150505-git/strings.fasl loaded.
Compiling: alexandria ... /data/data12/zhengxin_pro/yuqiulin496/data_heater_gty/software/alexandria-20150505-git/strings.fasl loaded.
Error: Attempt to take the car of pathname which is not listp.
Compiling: alexandria ... /data/data12/zhengxin_pro/yuqiulin496/data_heater_gty/software/alexandria-20150505-git/strings.fasl loaded.
Compiling: alexandria ... /data/data12/zhengxin_pro/yuqiulin496/data_heater_gty/software/alexandria-20150505-git/symbols.fasl loaded.
Compiling: alexandria ... /data/data12/zhengxin_pro/yuqiulin496/data_heater_gty/software/alexandria-20150505-git/symbols.fasl loaded.
Error: (cons symbol (cons alexandria.0.dev:string-designator null)) is
       not a valid type specifier
E=86% N=20189264 T+=682176 A-=6496 pfu=0+3908 pfg=0+2
E=86% N=20189264 T+=682176 A-=6496 pfu=0+3878 pfg=0+2
28 pfg=0+2
Compiling: alexandria ... /data/data12/zhengxin_pro/yuqiulin496/data_heater_gty/software/alexandria-20150505-git/macros.fasl loaded.
Compiling: alexandria ... /data/data12/zhengxin_pro/yuqiulin496/data_heater_gty/software/alexandria-20150505-git/macros.fasl loaded.
gc(91): gc(91): gc(91): Compiling: alexandria ... /data/data12/zhengxin_pro/yuqiulin496/data_heater_gty/software/alexandria-20150505-git/lists.fasl loaded.
Compiling: alexandria ... /data/data12/zhengxin_pro/yuqiulin496/data_heater_gty/software/alexandria-20150505-git/definitions.fasl loaded.
Compiling: alexandria ... /data/data12/zhengxin_pro/yuqiulin496/data_heater_gty/software/alexandria-20150505-git/definitions.fasl loaded.
E=84% N=20189264 T+=682176 A-=6496 pfu=0+3906 pfg=0+2
E=84% N=20189264 T+=682176 A-=6496 pfu=0+3883 pfg=0+2
E=84% N=20189264 T+=682176 A-=6496 pfu=0+3916 pfg=0+2
gc(92): XO-
System Error (gsgc): Unknown object type at (0x10004d6e5f2)
The internal data structures in the running Lisp image have been
corrupted and execution cannot continue.  Check all foreign functions
and any Lisp code that was compiled with high speed and/or low safety,
as these are two common sources of this failure.  If you cannot find
anything incorrect in your code you should contact technical support
for Allegro Common Lisp, and we will try to help determine whether
this is a coding error or an internal bug.
A core file can be produced at this time.  Core files may or may not
be useful in diagnosing an error of this type and are often not useful.
See doc/introduction.htm#core-dumps-2 for more details.
Would you like to dump core before exiting(y or n)? gc(92): gc(92): XO-XO-E=76% N=20631472 T+=0 A-=0 pfu=0+1 pfg=0+232
E=76% N=20631472 T+=0 A-=0 pfu=0+1 pfg=0+232
Compiling: alexandria ... /data/data12/zhengxin_pro/yuqiulin496/data_heater_gty/software/alexandria-20150505-git/functions.fasl loaded.
Compiling: alexandria ... /data/data12/zhengxin_pro/yuqiulin496/data_heater_gty/software/alexandria-20150505-git/functions.fasl loaded.
Compiling: alexandria ... /data/data12/zhengxin_pro/yuqiulin496/data_heater_gty/software/alexandria-20150505-git/lists.fasl loaded.
Compiling: alexandria ... /data/data12/zhengxin_pro/yuqiulin496/data_heater_gty/software/alexandria-20150505-git/definitions.fasl loaded.
gc(92): gc(92): gc(92): XO-XO-E=76% N=20631472 T+=0 A-=0 pfu=0+1 pfg=0+232
E=76% N=20631472 T+=0 A-=0 pfu=0+1 pfg=0+2 p
g=0+232
Compiling: alexandria ... /data/data12/zhengxin_pro/yuqiulin496/data_heater_gty/software/alexandria-20150505-git/functions.fasl loaded.
Compiling: alexandria ... /data/data12/zhengxin_pro/yuqiulin496/data_heater_gty/software/alexandria-20150505-git/functions.fasl loaded.
gc(93): gc(93): E=78% N=9327776 T+=13347456 A-=0 pfu=0+479
E=78% N=9327776 T+=13347456 A-=0 pfu=0+479
gc(93): gc(93): gc(93): Compiling: alexandria ... /data/data12/zhengxin_pro/yuqiulin496/data_heater_gty/software/alexandria-20150505-git/types.fasl loaded.
E=78% N=9327776 T+=13347456 A-=0 pfu=0+479
E=78% N=9327776 T+=13347456 A-=0 pfu=0+479
E=77% N=9327776 T+=13347456 A-=0 pfu=0+479
Compiling: alexandria ... /data/data12/zhengxin_pro/yuqiulin496/data_heater_gty/software/alexandria-20150505-git/sequences.fasl loaded.
Compiling: alexandria ... /data/data12/zhengxin_pro/yuqiulin496/data_heater_gty/software/alexandria-20150505-git/sequences.fasl loaded.
Compiling: alexandria ... /data/data12/zhengxin_pro/yuqiulin496/data_heater_gty/software/alexandria-20150505-git/types.fasl loaded.
Compiling: alexandria ... /data/data12/zhengxin_pro/yuqiulin496/data_heater_gty/software/alexandria-20150505-git/types.fasl loaded.
Compiling: alexandria ... /data/data12/zhengxin_pro/yuqiulin496/data_heater_gty/software/alexandria-20150505-git/types.fasl loaded.
Compiling: alexandria ... /data/data12/zhengxin_pro/yuqiulin496/data_heater_gty/software/alexandria-20150505-git/control-flow.fasl loaded.
Compiling: alexandria ... /data/data12/zhengxin_pro/yuqiulin496/data_heater_gty/software/alexandria-20150505-git/binding.fasl loaded.
Compiling: alexandria ... /data/data12/zhengxin_pro/yuqiulin496/data_heater_gty/software/alexandria-20150505-git/conditions.fasl loaded.
Compiling: alexandria ... /data/data12/zhengxin_pro/yuqiulin496/data_heater_gty/software/alexandria-20150505-git/conditions.fasl loaded.
Allocated 8192 bitmark packets at 0x7fc0df000000
globalgc(1) [lisp controller]...
Allocated 8192 bitmark packets at 0x7f79e7000000
globalgc(1) [lisp controller]...
gc(94): gc(94): Compiling: alexandria ... /data/data12/zhengxin_pro/yuqiulin496/data_heater_gty/software/alexandria-20150505-git/sequences.fasl loaded.
Compiling: alexandria ... /data/data12/zhengxin_pro/yuqiulin496/data_heater_gty/software/alexandria-20150505-git/sequences.fasl loaded.
Compiling: alexandria ... /data/data12/zhengxin_pro/yuqiulin496/data_heater_gty/software/alexandria-20150505-git/sequences.fasl loaded.
Mark Pass(Lisp controller)...Mark Pass(Lisp controller)...(using lisp marker)...(using lisp marker)...(8192 packets free)...Starting 4 gc worker threads
(8192 packets free)...Starting 4 gc worker threads
Compiling: alexandria ... /data/data12/zhengxin_pro/yuqiulin496/data_heater_gty/software/alexandria-20150505-git/control-flow.fasl loaded.
Compiling: alexandria ... /data/data12/zhengxin_pro/yuqiulin496/data_heater_gty/software/alexandria-20150505-git/binding.fasl loaded.
Compiling: alexandria ... /data/data12/zhengxin_pro/yuqiulin496/data_heater_gty/software/alexandria-20150505-git/binding.fasl loaded.
Compiling: alexandria ... /data/data12/zhengxin_pro/yuqiulin496/data_heater_gty/software/alexandria-20150505-git/conditions.fasl loaded.
Allocated 8192 bitmark packets at 0x7fbc83000000
globalgc(1) [lisp controller]...
gc(94): Allocated 8192 bitmark packets at 0x7fdc4e8f9000
globalgc(1) [lisp controller]...
gc(94): globalgc(1) [lisp controller]...
gc(94): Mark Pass(Lisp controller)...(using lisp marker)...Mark Pass(Lisp controller)...(using lisp marker)...Mark Pass(Lisp controller)...(8192 packets free)...Starting 4 gc worker threads
(using lisp marker)...(8192 packets free)...Starting 4 gc worker threads
(8192 packets free)...Starting 4 gc worker threads
(marked 765679 objects, 813161 conses, used 367 packets) ...mark took 1 pass...done(550+0), marked 0 objects, overflows = 0, max depth (minus ovflow) = 0,
  bad pointers cleared = 0.
Weak-vector Pass...done(0+0).
Estimated recovery = 3646976 bytes
Cons-cell swap...done(0+0), 12873 cons cells moved
[shiftmap size 67841]...Gathering hole statistics...done(10+0), 6293 holes totalling 3344464 bytes
Page-compaction data...done(0+0).
Address adjustment(Lisp version)...done(110+0).
Page compaction...done(0+0), 376 pages moved
New rootset...(marked 767242 objects, 812652 conses, used 431 packets) ...mark took 1 pass...done(750+0), marked 0 objects, overflows = 0, max depth (minus ovflow) = 0,
  bad pointers cleared = 0.
Weak-vector Pass...done(0+0).
Estimated recovery = 3646976 bytes
Cons-cell swap...done(0+0), 12873 cons cells moved
[shiftmap size 67841]...Gathering hole statistics...done(10+0), 6293 holes totalling 3344464 bytes
Page-compaction data...done(0+0).
Address adjustment(Lisp version)...done(50+0), 16857 rootset entries
Building new pagemap...done(10+0).
Merging empty oldspaces...done, 0 oldspaces merged.
global gc recovered 3549264 bytes of old space.
gc(95): done(120+0).
Page compaction...done(0+0), 376 pages moved
New rootset...(marked 766802 objects, 813482 conses, used 375 packets) ...mark took 1 pass...done(610+0), marked 0 objects, overflows = 0, max depth (minus ovflow) = 0,
  bad pointers cleared = 0.
Weak-vector Pass...done(0+0).
Estimated recovery = 3646976 bytes
Cons-cell swap...done(0+0), 12873 cons cells moved
[shiftmap size 67841]...Gathering hole statistics...E=95% N=3556432 T+=3573600 A-=0 pfu=0+12 pfg=0+245
done(10+0), 6293 holes totalling 3344464 bytes
Page-compaction data...done(0+0).
Address adjustment(Lisp version)...Compiling: alexandria ... /data/data12/zhengxin_pro/yuqiulin496/data_heater_gty/software/alexandria-20150505-git/hash-tables.fasl loaded.
done(50+0), 16857 rootset entries
Building new pagemap...(marked 767107 objects, 813033 conses, used 424 packets) ...mark took 1 pass...done(740+0), marked 0 objects, overflows = 0, max depth (minus ovflow) = 0,
  bad pointers cleared = 0.
Weak-vector Pass...done(0+0).
Estimated recovery = 3646976 bytes
Cons-cell swap...done(0+0), 12873 cons cells moved
[shiftmap size 67841]...Gathering hole statistics...done(10+0).
Merging empty oldspaces...done, 0 oldspaces merged.
global gc recovered 3549264 bytes of old space.
gc(95): done(10+0), 6293 holes totalling 3344464 bytes
Page-compaction data...done(0+0).
Address adjustment(Lisp version)...done(110+0).
Page compaction...(marked 766767 objects, 814368 conses, used 468 packets) ...mark took 1 pass...done(820+0), marked 0 objects, overflows = 0, max depth (minus ovflow) = 0,
  bad pointers cleared = 0.
Weak-vector Pass...done(0+0).
done(0+0), 376 pages moved
New rootset...Estimated recovery = 3646976 bytes
Cons-cell swap...done(0+0), 12873 cons cells moved
[shiftmap size 67841]...Gathering hole statistics...gc(42): XO-E=98% N=787536 T+=0 A-=0 pfu=0+13 pfg=0+23
done(20+0), 6293 holes totalling 3344464 bytes
Page-compaction data...done(0+0).
Address adjustment(Lisp version)...E=96% N=3556432 T+=3573600 A-=0 pfu=0+12 pfg=0+245
Compiling: alexandria ... /data/data12/zhengxin_pro/yuqiulin496/data_heater_gty/software/alexandria-20150505-git/io.fasl loaded.
gc(43): done(120+0).
Page compaction...Compiling: alexandria ... /data/data12/zhengxin_pro/yuqiulin496/data_heater_gty/software/alexandria-20150505-git/arrays.fasl loaded.
done(0+0), 376 pages moved
New rootset...E=75% N=808208 T+=261472 A-=0 pfu=0+72
Compiling: alexandria ... /data/data12/zhengxin_pro/yuqiulin496/data_heater_gty/software/alexandria-20150505-git/hash-tables.fasl loaded.
gc(44): XO-E=66% N=843472 T+=0 A-=0 pfu=0+15 pfg=0+1
done(110+0).
Page compaction...done(0+0), 376 pages moved
New rootset...done(50+0), 16857 rootset entries
Building new pagemap...gc(45): E=83% N=769872 T+=313104 A-=0 pfu=0+36
done(10+0).
Merging empty oldspaces...done, 0 oldspaces merged.
global gc recovered 3549264 bytes of old space.
gc(95): done(40+0), 16857 rootset entries
Building new pagemap...Compiling: alexandria ... /data/data12/zhengxin_pro/yuqiulin496/data_heater_gty/software/alexandria-20150505-git/io.fasl loaded.
gc(46): E=72% N=791456 T+=188688 A-=0
Compiling: alexandria ... /data/data12/zhengxin_pro/yuqiulin496/data_heater_gty/software/alexandria-20150505-git/arrays.fasl loaded.
Compiling: alexandria ... /data/data12/zhengxin_pro/yuqiulin496/data_heater_gty/software/alexandria-20150505-git/numbers.fasl loaded.
done(20+0).
Merging empty oldspaces...done, 0 oldspaces merged.
global gc recovered 3549264 bytes of old space.
gc(95): Compiling: alexandria ... /data/data12/zhengxin_pro/yuqiulin496/data_heater_gty/software/alexandria-20150505-git/features.fasl loaded.
E=95% N=3556432 T+=3573600 A-=0 pfu=0+523 pfg=0+245
Compiling: fare-csv ... /data/data12/zhengxin_pro/yuqiulin496/data_heater_gty/software/fare-csv-20151218-git/package.fasl loaded.
gc(47): done(40+0), 16857 rootset entries
Building new pagemap...Compiling: alexandria ... /data/data12/zhengxin_pro/yuqiulin496/data_heater_gty/software/alexandria-20150505-git/hash-tables.fasl loaded.
E=74% N=1066656 T+=21152 A-=0
gc(48): XO-done(20+0).
Merging empty oldspaces...done, 0 oldspaces merged.
global gc recovered 3549264 bytes of old space.
gc(95): E=96% N=3556432 T+=3573600 A-=0 pfu=0+523 pfg=0+245
E=73% N=904848 T+=262048 A-=0 pfg=0+48
Compiling: alexandria ... /data/data12/zhengxin_pro/yuqiulin496/data_heater_gty/software/alexandria-20150505-git/hash-tables.fasl loaded.
gc(49): XN-E=49% N=833312 T+=214736 A-=0 pfu=0+6 pfg=0+39
Compiling: alexandria ... /data/data12/zhengxin_pro/yuqiulin496/data_heater_gty/software/alexandria-20150505-git/numbers.fasl loaded.
E=96% N=3556432 T+=3573600 A-=0 pfu=0+12 pfg=0+245
Compiling: alexandria ... /data/data12/zhengxin_pro/yuqiulin496/data_heater_gty/software/alexandria-20150505-git/features.fasl loaded.
Compiling: alexandria ... /data/data12/zhengxin_pro/yuqiulin496/data_heater_gty/software/alexandria-20150505-git/hash-tables.fasl loaded.
Compiling: alexandria ... /data/data12/zhengxin_pro/yuqiulin496/data_heater_gty/software/alexandria-20150505-git/io.fasl loaded.
Compiling: fare-csv ... /data/data12/zhengxin_pro/yuqiulin496/data_heater_gty/software/fare-csv-20151218-git/package.fasl loaded.
Compiling: alexandria ... /data/data12/zhengxin_pro/yuqiulin496/data_heater_gty/software/alexandria-20150505-git/arrays.fasl loaded.
gc(50): E=77% N=1052592 T+=45680 A-=0 pfu=0+224
gc(51): XO-E=59% N=1057568 T+=508928 A-=0 pfg=0+26
gc(52): XN-Compiling: alexandria ... /data/data12/zhengxin_pro/yuqiulin496/data_heater_gty/software/alexandria-20150505-git/io.fasl loaded.
Compiling: alexandria ... /data/data12/zhengxin_pro/yuqiulin496/data_heater_gty/software/alexandria-20150505-git/arrays.fasl loaded.
XO-E=46% N=1504720 T+=109424 A-=0 pfg=0+245
gc(53): XN-Compiling: alexandria ... /data/data12/zhengxin_pro/yuqiulin496/data_heater_gty/software/alexandria-20150505-git/io.fasl loaded.
XN-Compiling: alexandria ... /data/data12/zhengxin_pro/yuqiulin496/data_heater_gty/software/alexandria-20150505-git/arrays.fasl loaded.
E=0% N=1478160 T+=153440 A-=0 pfg=0+98
gc(54): Compiling: alexandria ... /data/data12/zhengxin_pro/yuqiulin496/data_heater_gty/software/alexandria-20150505-git/numbers.fasl loaded.
XO-Compiling: alexandria ... /data/data12/zhengxin_pro/yuqiulin496/data_heater_gty/software/alexandria-20150505-git/features.fasl loaded.
XN-Compiling: fare-csv ... /data/data12/zhengxin_pro/yuqiulin496/data_heater_gty/software/fare-csv-20151218-git/package.fasl loaded.
E=37% N=2220064 T+=246400 A-=0 pfu=0+221 pfg=0+282
gc(96): Compiling: alexandria ... /data/data12/zhengxin_pro/yuqiulin496/data_heater_gty/software/alexandria-20150505-git/numbers.fasl loaded.
Compiling: alexandria ... /data/data12/zhengxin_pro/yuqiulin496/data_heater_gty/software/alexandria-20150505-git/features.fasl loaded.
Compiling: fare-csv ... /data/data12/zhengxin_pro/yuqiulin496/data_heater_gty/software/fare-csv-20151218-git/package.fasl loaded.
E=0% N=4561280 T+=0 A-=0 pfu=0+1
Compiling: alexandria ... /data/data12/zhengxin_pro/yuqiulin496/data_heater_gty/software/alexandria-20150505-git/numbers.fasl loaded.
gc(55): E=54% N=2406496 T+=0 A-=0 pfu=0+189
Compiling: alexandria ... /data/data12/zhengxin_pro/yuqiulin496/data_heater_gty/software/alexandria-20150505-git/features.fasl loaded.
Compiling: fare-csv ... /data/data12/zhengxin_pro/yuqiulin496/data_heater_gty/software/fare-csv-20151218-git/package.fasl loaded.
gc(56): gc(96): E=81% N=2749936 T+=0 A-=0 pfu=0+15
E=0% N=4561280 T+=0 A-=0 pfu=0+1
gc(57): XN-E=85% N=3190048 T+=0 A-=0 pfu=0+5 pfg=0+1
gc(96): gc(58): E=0% N=4561280 T+=0 A-=0 pfu=0+1
XO-gc(96): E=82% N=2916896 T+=988400 A-=0 pfu=0+156 pfg=0+60
E=0% N=4561280 T+=0 A-=0 pfu=0+1
gc(96): E=0% N=4561280 T+=0 A-=0 pfu=0+1
gc(59): XN-E=53% N=3105424 T+=393600 A-=0 pfu=0+3 pfg=0+132
Compiling: fare-csv ... /data/data12/zhengxin_pro/yuqiulin496/data_heater_gty/software/fare-csv-20151218-git/csv.fasl loaded.
gc(97): E=92% N=3876000 T+=0 A-=0
gc(60): gc(97): E=90% N=3618320 T+=329408 A-=0 pfu=0+521
E=93% N=3963088 T+=0 A-=0
gc(61): XO-E=82% N=4185104 T+=148400 A-=0 pfu=0+5 pfg=0+9
Compiling: vom ... /data/data12/zhengxin_pro/yuqiulin496/data_heater_gty/software/vom/vom.fasl loaded.
gc(97): gc(62): E=66% N=2894848 T+=1570496 A-=0 pfu=0+260
E=93% N=3938832 T+=0 A-=0 pfu=0+11
Compiling: fare-csv ... /data/data12/zhengxin_pro/yuqiulin496/data_heater_gty/software/fare-csv-20151218-git/csv.fasl loaded.
gc(97): E=92% N=3963088 T+=0 A-=0
Compiling: fare-csv ... /data/data12/zhengxin_pro/yuqiulin496/data_heater_gty/software/fare-csv-20151218-git/csv.fasl loaded.
gc(97): Compiling: vom ... /data/data12/zhengxin_pro/yuqiulin496/data_heater_gty/software/vom/vom.fasl loaded.
E=92% N=3963088 T+=0 A-=0
gc(63): XO-E=83% N=3647392 T+=0 A-=0 pfu=0+3 pfg=0+115
gc(64): E=82% N=3571296 T+=784432 A-=0 pfu=0+93
Compiling: vom ... /data/data12/zhengxin_pro/yuqiulin496/data_heater_gty/software/vom/vom.fasl loaded.
Compiling: vom ... /data/data12/zhengxin_pro/yuqiulin496/data_heater_gty/software/vom/vom.fasl loaded.
gc(65): XO-E=83% N=2614640 T+=1569120 A-=0 pfu=0+1 pfg=0+1
Compiling: data-heater ... /data/data12/zhengxin_pro/yuqiulin496/data_heater_gty/src/config.fasl loaded.
gc(66): XOXN-Compiling: data-heater ... /data/data12/zhengxin_pro/yuqiulin496/data_heater_gty/src/command-line.fasl loaded.
E=73% N=4135792 T+=16 A-=0 pfu=0+5 pfg=0+153
Compiling: data-heater ... /data/data12/zhengxin_pro/yuqiulin496/data_heater_gty/src/formatter.fasl loaded.
gc(98): XO-E=96% N=9279344 T+=0 A-=96 pfu=0+1243 pfg=0+158
gc(67): Compiling: data-heater ... /data/data12/zhengxin_pro/yuqiulin496/data_heater_gty/src/io.fasl loaded.
XO-E=91% N=3894368 T+=1236608 A-=0 pfu=0+416 pfg=0+3
Compiling: data-heater ... /data/data12/zhengxin_pro/yuqiulin496/data_heater_gty/src/config.fasl loaded.
Compiling: data-heater ... /data/data12/zhengxin_pro/yuqiulin496/data_heater_gty/src/distance.fasl loaded.
Compiling: data-heater ... /data/data12/zhengxin_pro/yuqiulin496/data_heater_gty/src/query.fasl loaded.
Compiling: data-heater ... /data/data12/zhengxin_pro/yuqiulin496/data_heater_gty/src/command-line.fasl loaded.
gc(68): XN-E=63% N=4830832 T+=594368 A-=0 pfu=0+2 pfg=0+1
Compiling: data-heater ... /data/data12/zhengxin_pro/yuqiulin496/data_heater_gty/src/formatter.fasl loaded.
gc(98): XO-Compiling: data-heater ... /data/data12/zhengxin_pro/yuqiulin496/data_heater_gty/src/train.fasl loaded.
E=95% N=9611824 T+=0 A-=96 pfu=0+1243 pfg=0+199
Compiling: data-heater ... /data/data12/zhengxin_pro/yuqiulin496/data_heater_gty/src/io.fasl loaded.
Compiling: data-heater ... /data/data12/zhengxin_pro/yuqiulin496/data_heater_gty/src/distance.fasl loaded.
gc(69): E=89% N=5586976 T+=16 A-=0 pfu=0+552
Compiling: data-heater ... /data/data12/zhengxin_pro/yuqiulin496/data_heater_gty/src/config.fasl loaded.
Compiling: data-heater ... /data/data12/zhengxin_pro/yuqiulin496/data_heater_gty/src/query.fasl loaded.
Compiling: data-heater ... /data/data12/zhengxin_pro/yuqiulin496/data_heater_gty/src/command-line.fasl loaded.
gc(70): XO-Compiling: data-heater ... /data/data12/zhengxin_pro/yuqiulin496/data_heater_gty/src/formatter.fasl loaded.
Compiling: data-heater ... /data/data12/zhengxin_pro/yuqiulin496/data_heater_gty/src/train.fasl loaded.
gc(98): XO-E=84% N=4848192 T+=1308528 A-=0 pfu=0+1 pfg=0+141
Error: attempt to call `fare-csv:read-csv-line' which is an undefined
       function.
E=96% N=9611824 T+=0 A-=96 pfu=0+1243 pfg=0+199
Compiling: data-heater ... /data/data12/zhengxin_pro/yuqiulin496/data_heater_gty/src/io.fasl loaded.
Compiling: data-heater ... /data/data12/zhengxin_pro/yuqiulin496/data_heater_gty/src/distance.fasl loaded.
gc(71): XOXN-Compiling: data-heater ... /data/data12/zhengxin_pro/yuqiulin496/data_heater_gty/src/config.fasl loaded.
Compiling: data-heater ... /data/data12/zhengxin_pro/yuqiulin496/data_heater_gty/src/query.fasl loaded.
E=73% N=5729568 T+=0 A-=0 pfg=0+284
Compiling: data-heater ... /data/data12/zhengxin_pro/yuqiulin496/data_heater_gty/src/command-line.fasl loaded.
gc(99): Compiling: data-heater ... /data/data12/zhengxin_pro/yuqiulin496/data_heater_gty/src/formatter.fasl loaded.
gc(98): XO-Compiling: data-heater ... /data/data12/zhengxin_pro/yuqiulin496/data_heater_gty/src/train.fasl loaded.
E=91% N=6840960 T+=3153504 A-=0 pfu=0+695
E=96% N=9611808 T+=0 A-=96 pfu=0+1243 pfg=0+199
gc(72): Compiling: data-heater ... /data/data12/zhengxin_pro/yuqiulin496/data_heater_gty/src/io.fasl loaded.
Compiling: data-heater ... /data/data12/zhengxin_pro/yuqiulin496/data_heater_gty/src/candidates-pool.fasl loaded.
E=86% N=5422512 T+=1569696 A-=0 pfu=0+2
Compiling: data-heater ... /data/data12/zhengxin_pro/yuqiulin496/data_heater_gty/src/distance.fasl loaded.
Compiling: data-heater ... /data/data12/zhengxin_pro/yuqiulin496/data_heater_gty/src/query.fasl loaded.
gc(73): XO-E=83% N=5107360 T+=2582000 A-=0 pfu=0+2 pfg=0+294
gc(99): Compiling: data-heater ... /data/data12/zhengxin_pro/yuqiulin496/data_heater_gty/src/data-heater.fasl loaded.
Warning: main, :operator was defined in data-heater.lisp and is now
         being defined in
         /data/data12/zhengxin_pro/yuqiulin496/data_heater_gty/data-heater.test.lisp
Error: Attempt to take the value of the unbound variable
       `data-heater::input-data'.
Compiling: data-heater ... /data/data12/zhengxin_pro/yuqiulin496/data_heater_gty/src/train.fasl loaded.
E=91% N=6840960 T+=3153504 A-=0 pfu=0+697
gc(74): XN-Compiling: data-heater ... /data/data12/zhengxin_pro/yuqiulin496/data_heater_gty/src/candidates-pool.fasl loaded.
E=54% N=7130720 T+=296016 A-=0 pfu=0+3 pfg=0+462
gc(75): E=78% N=8099568 T+=0 A-=0 pfu=0+143
gc(99): Compiling: data-heater ... /data/data12/zhengxin_pro/yuqiulin496/data_heater_gty/src/data-heater.fasl loaded.
Warning: main, :operator was defined in data-heater.lisp and is now
         being defined in
         /data/data12/zhengxin_pro/yuqiulin496/data_heater_gty/data-heater.test.lisp
gc(76): XO-Error: Attempt to take the value of the unbound variable
       `data-heater::input-data'.
E=91% N=6840960 T+=3153504 A-=0 pfu=0+697
E=58% N=8661264 T+=0 A-=0 pfg=0+319
Compiling: data-heater ... /data/data12/zhengxin_pro/yuqiulin496/data_heater_gty/src/candidates-pool.fasl loaded.
gc(77): E=78% N=7720512 T+=1831104 A-=0 pfu=0+129
Compiling: data-heater ... /data/data12/zhengxin_pro/yuqiulin496/data_heater_gty/src/data-heater.fasl loaded.
Warning: main, :operator was defined in data-heater.lisp and is now
         being defined in
         /data/data12/zhengxin_pro/yuqiulin496/data_heater_gty/data-heater.test.lisp
Error: Attempt to take the value of the unbound variable
       `data-heater::input-data'.
gc(78): XO-E=86% N=4730416 T+=4187536 A-=0 pfg=0+108
gc(79): XOXN-E=68% N=6232944 T+=256608 A-=1040 pfu=0+1 pfg=0+295
gc(80): E=91% N=7552176 T+=1828416 A-=0 pfu=0+822 pfg=0+1
gc(81): XO-XOXN-E=83% N=10182288 T+=786880 A-=0 pfg=0+491
gc(82): E=52% N=12306160 T+=1046240 A-=0 pfu=0+283
gc(83): XO-E=85% N=12431632 T+=1308608 A-=0 pfg=0+322
gc(84): XOXN-E=50% N=14453344 T+=0 A-=0 pfu=0+2 pfg=0+265
gc(85): E=85% N=14988352 T+=2088592 A-=0 pfu=0+216
gc(86): XO-E=83% N=8536352 T+=8797920 A-=0 pfu=0+2 pfg=0+644
gc(87): XN-E=74% N=14689088 T+=97520 A-=0 pfu=0+1 pfg=0+354
gc(88): E=87% N=19814320 T+=0 A-=0 pfu=0+482
gc(89): XO-E=82% N=17136512 T+=5233792 A-=0 pfu=0+1 pfg=0+233

AllegroGraph Server Edition 6.0.1, built on March 04, 2016 10:00:05 GMT-0800
Copyright (c) 2005-2016 Franz Inc.  All Rights Reserved.
AllegroGraph contains patented and patent-pending technologies.

current-time    : Sunday, April 24, 2016 02:35:47 AM 
external-format : utf8-base
gc(90): XOXN-E=70% N=20546704 T+=16 A-=0 pfu=0+10 pfg=0+294
Loaded patch file /data/data12/zhengxin_pro/Heater/BIN/acl10/update/pkn001.001.
;;[2]Initial  jlinker-init-1: Done: :jlinker-init  103
JLinker and weka.jar has been initialized successfully.
Compiling: alexandria ... /data/data12/zhengxin_pro/yuqiulin496/data_heater_gty/software/alexandria-20150505-git/package.fasl loaded.
Compiling: alexandria ... /data/data12/zhengxin_pro/yuqiulin496/data_heater_gty/software/alexandria-20150505-git/strings.fasl loaded.
Compiling: alexandria ... /data/data12/zhengxin_pro/yuqiulin496/data_heater_gty/software/alexandria-20150505-git/symbols.fasl loaded.
Compiling: alexandria ... /data/data12/zhengxin_pro/yuqiulin496/data_heater_gty/software/alexandria-20150505-git/macros.fasl loaded.
gc(91): E=86% N=20189264 T+=682176 A-=6496 pfu=0+3904 pfg=0+2
Compiling: alexandria ... /data/data12/zhengxin_pro/yuqiulin496/data_heater_gty/software/alexandria-20150505-git/lists.fasl loaded.
Compiling: alexandria ... /data/data12/zhengxin_pro/yuqiulin496/data_heater_gty/software/alexandria-20150505-git/definitions.fasl loaded.
gc(92): XO-E=77% N=20631472 T+=0 A-=0 pfu=0+1 pfg=0+232
Compiling: alexandria ... /data/data12/zhengxin_pro/yuqiulin496/data_heater_gty/software/alexandria-20150505-git/functions.fasl loaded.
gc(93): E=77% N=9327776 T+=13347456 A-=0 pfu=0+479
Compiling: alexandria ... /data/data12/zhengxin_pro/yuqiulin496/data_heater_gty/software/alexandria-20150505-git/types.fasl loaded.
Compiling: alexandria ... /data/data12/zhengxin_pro/yuqiulin496/data_heater_gty/software/alexandria-20150505-git/sequences.fasl loaded.
Compiling: alexandria ... /data/data12/zhengxin_pro/yuqiulin496/data_heater_gty/software/alexandria-20150505-git/control-flow.fasl loaded.
Compiling: alexandria ... /data/data12/zhengxin_pro/yuqiulin496/data_heater_gty/software/alexandria-20150505-git/binding.fasl loaded.
Compiling: alexandria ... /data/data12/zhengxin_pro/yuqiulin496/data_heater_gty/software/alexandria-20150505-git/conditions.fasl loaded.
Allocated 8192 bitmark packets at 0x7fa163000000
globalgc(1) [lisp controller]...
gc(94): Mark Pass(Lisp controller)...(using lisp marker)...(8192 packets free)...Starting 4 gc worker threads
(marked 767565 objects, 812501 conses, used 425 packets) ...mark took 1 pass...done(650+0), marked 0 objects, overflows = 0, max depth (minus ovflow) = 0,
  bad pointers cleared = 0.
Weak-vector Pass...done(0+0).
Estimated recovery = 3646976 bytes
Cons-cell swap...done(10+0), 12873 cons cells moved
[shiftmap size 67841]...Gathering hole statistics...done(10+10), 6293 holes totalling 3344464 bytes
Page-compaction data...done(0+0).
Address adjustment(Lisp version)...done(110+0).
Page compaction...done(0+0), 376 pages moved
New rootset...done(40+0), 16857 rootset entries
Building new pagemap...done(10+0).
Merging empty oldspaces...done, 0 oldspaces merged.
global gc recovered 3549264 bytes of old space.
gc(95): E=96% N=3556432 T+=3573600 A-=0 pfu=0+12 pfg=0+245
Compiling: alexandria ... /data/data12/zhengxin_pro/yuqiulin496/data_heater_gty/software/alexandria-20150505-git/hash-tables.fasl loaded.
Compiling: alexandria ... /data/data12/zhengxin_pro/yuqiulin496/data_heater_gty/software/alexandria-20150505-git/io.fasl loaded.
Compiling: alexandria ... /data/data12/zhengxin_pro/yuqiulin496/data_heater_gty/software/alexandria-20150505-git/arrays.fasl loaded.
Compiling: alexandria ... /data/data12/zhengxin_pro/yuqiulin496/data_heater_gty/software/alexandria-20150505-git/numbers.fasl loaded.
Compiling: alexandria ... /data/data12/zhengxin_pro/yuqiulin496/data_heater_gty/software/alexandria-20150505-git/features.fasl loaded.
Compiling: fare-csv ... /data/data12/zhengxin_pro/yuqiulin496/data_heater_gty/software/fare-csv-20151218-git/package.fasl loaded.
gc(96): E=0% N=4561280 T+=0 A-=0 pfu=0+1
Compiling: fare-csv ... /data/data12/zhengxin_pro/yuqiulin496/data_heater_gty/software/fare-csv-20151218-git/csv.fasl loaded.
gc(97): E=93% N=3963088 T+=0 A-=0
Compiling: vom ... /data/data12/zhengxin_pro/yuqiulin496/data_heater_gty/software/vom/vom.fasl loaded.
Compiling: data-heater ... /data/data12/zhengxin_pro/yuqiulin496/data_heater_gty/src/config.fasl loaded.
Compiling: data-heater ... /data/data12/zhengxin_pro/yuqiulin496/data_heater_gty/src/command-line.fasl loaded.
Compiling: data-heater ... /data/data12/zhengxin_pro/yuqiulin496/data_heater_gty/src/formatter.fasl loaded.
gc(98): XO-E=95% N=9611824 T+=0 A-=96 pfu=0+1243 pfg=0+199
Compiling: data-heater ... /data/data12/zhengxin_pro/yuqiulin496/data_heater_gty/src/io.fasl loaded.
Compiling: data-heater ... /data/data12/zhengxin_pro/yuqiulin496/data_heater_gty/src/distance.fasl loaded.
Compiling: data-heater ... /data/data12/zhengxin_pro/yuqiulin496/data_heater_gty/src/query.fasl loaded.
Compiling: data-heater ... /data/data12/zhengxin_pro/yuqiulin496/data_heater_gty/src/train.fasl loaded.
gc(99): E=91% N=6840960 T+=3153504 A-=0 pfu=0+698
Compiling: data-heater ... /data/data12/zhengxin_pro/yuqiulin496/data_heater_gty/src/candidates-pool.fasl loaded.
Compiling: data-heater ... /data/data12/zhengxin_pro/yuqiulin496/data_heater_gty/src/data-heater.fasl loaded.
Warning: main, :operator was defined in data-heater.lisp and is now
         being defined in
         /data/data12/zhengxin_pro/yuqiulin496/data_heater_gty/data-heater.test.lisp
Error: Attempt to take the value of the unbound variable
       `data-heater::input-data'.
